d:\vsb\3_kurz\zpg\zpg\zpg\x64\debug\vc143.pdb
d:\vsb\3_kurz\zpg\zpg\zpg\x64\debug\vc143.idb
d:\vsb\3_kurz\zpg\zpg\zpg\x64\debug\transformace.obj
d:\vsb\3_kurz\zpg\zpg\zpg\x64\debug\source.obj
d:\vsb\3_kurz\zpg\zpg\zpg\x64\debug\shaderprogram.obj
d:\vsb\3_kurz\zpg\zpg\zpg\x64\debug\shader.obj
d:\vsb\3_kurz\zpg\zpg\zpg\x64\debug\scene.obj
d:\vsb\3_kurz\zpg\zpg\zpg\x64\debug\model.obj
d:\vsb\3_kurz\zpg\zpg\zpg\x64\debug\main.obj
d:\vsb\3_kurz\zpg\zpg\zpg\x64\debug\drawableobject.obj
d:\vsb\3_kurz\zpg\zpg\zpg\x64\debug\application.obj
d:\vsb\3_kurz\zpg\zpg\x64\debug\zpg.exe
d:\vsb\3_kurz\zpg\zpg\x64\debug\zpg.pdb
d:\vsb\3_kurz\zpg\zpg\zpg\x64\debug\zpg.ilk
d:\vsb\3_kurz\zpg\zpg\zpg\x64\debug\zpg.tlog\cl.command.1.tlog
d:\vsb\3_kurz\zpg\zpg\zpg\x64\debug\zpg.tlog\cl.items.tlog
d:\vsb\3_kurz\zpg\zpg\zpg\x64\debug\zpg.tlog\cl.read.1.tlog
d:\vsb\3_kurz\zpg\zpg\zpg\x64\debug\zpg.tlog\cl.write.1.tlog
d:\vsb\3_kurz\zpg\zpg\zpg\x64\debug\zpg.tlog\link.command.1.tlog
d:\vsb\3_kurz\zpg\zpg\zpg\x64\debug\zpg.tlog\link.read.1.tlog
d:\vsb\3_kurz\zpg\zpg\zpg\x64\debug\zpg.tlog\link.secondary.1.tlog
d:\vsb\3_kurz\zpg\zpg\zpg\x64\debug\zpg.tlog\link.write.1.tlog
